<?xml version="1.0" encoding="UTF-8"?>
<coverage generated="1756057778922" clover="3.2.0">
  <project timestamp="1756057778922" name="All files">
    <metrics statements="12" coveredstatements="12" conditionals="0" coveredconditionals="0" methods="8" coveredmethods="8" elements="20" coveredelements="20" complexity="0" loc="12" ncloc="12" packages="2" files="6" classes="6"/>
    <package name="src">
      <metrics statements="4" coveredstatements="4" conditionals="0" coveredconditionals="0" methods="2" coveredmethods="2"/>
      <file name="App.tsx" path="/Users/Ragnar/Desktop/Kodning/Enhet-Integration/src/App.tsx">
        <metrics statements="3" coveredstatements="3" conditionals="0" coveredconditionals="0" methods="2" coveredmethods="2"/>
        <line num="8" count="5" type="stmt"/>
        <line num="10" count="5" type="stmt"/>
        <line num="16" count="1" type="stmt"/>
      </file>
      <file name="main.tsx" path="/Users/Ragnar/Desktop/Kodning/Enhet-Integration/src/main.tsx">
        <metrics statements="1" coveredstatements="1" conditionals="0" coveredconditionals="0" methods="0" coveredmethods="0"/>
        <line num="5" count="1" type="stmt"/>
      </file>
    </package>
    <package name="src.components">
      <metrics statements="8" coveredstatements="8" conditionals="0" coveredconditionals="0" methods="6" coveredmethods="6"/>
      <file name="CounterButton.tsx" path="/Users/Ragnar/Desktop/Kodning/Enhet-Integration/src/components/CounterButton.tsx">
        <metrics statements="3" coveredstatements="3" conditionals="0" coveredconditionals="0" methods="3" coveredmethods="3"/>
        <line num="4" count="10" type="stmt"/>
        <line num="6" count="10" type="stmt"/>
        <line num="7" count="3" type="stmt"/>
      </file>
      <file name="DeleteButton.tsx" path="/Users/Ragnar/Desktop/Kodning/Enhet-Integration/src/components/DeleteButton.tsx">
        <metrics statements="1" coveredstatements="1" conditionals="0" coveredconditionals="0" methods="1" coveredmethods="1"/>
        <line num="6" count="3" type="stmt"/>
      </file>
      <file name="ScoreButton.tsx" path="/Users/Ragnar/Desktop/Kodning/Enhet-Integration/src/components/ScoreButton.tsx">
        <metrics statements="2" coveredstatements="2" conditionals="0" coveredconditionals="0" methods="1" coveredmethods="1"/>
        <line num="8" count="3" type="stmt"/>
        <line num="9" count="8" type="stmt"/>
      </file>
      <file name="ScoreDisplay.tsx" path="/Users/Ragnar/Desktop/Kodning/Enhet-Integration/src/components/ScoreDisplay.tsx">
        <metrics statements="2" coveredstatements="2" conditionals="0" coveredconditionals="0" methods="1" coveredmethods="1"/>
        <line num="7" count="3" type="stmt"/>
        <line num="8" count="8" type="stmt"/>
      </file>
    </package>
  </project>
</coverage>
