{"/Users/Ragnar/Desktop/Kodning/Enhet-Integration/src/App.tsx": {"path":"/Users/Ragnar/Desktop/Kodning/Enhet-Integration/src/App.tsx","statementMap":{"0":{"start":{"line":8,"column":30},"end":{"line":8,"column":null}},"1":{"start":{"line":10,"column":2},"end":{"line":17,"column":null}},"2":{"start":{"line":16,"column":34},"end":{"line":16,"column":55}}},"fnMap":{"0":{"name":"App","decl":{"start":{"line":7,"column":9},"end":{"line":7,"column":15}},"loc":{"start":{"line":7,"column":15},"end":{"line":19,"column":null}}},"1":{"name":"(anonymous_1)","decl":{"start":{"line":16,"column":28},"end":{"line":16,"column":34}},"loc":{"start":{"line":16,"column":34},"end":{"line":16,"column":55}}}},"branchMap":{},"s":{"0":1,"1":1,"2":0},"f":{"0":1,"1":0},"b":{}}
,"/Users/Ragnar/Desktop/Kodning/Enhet-Integration/src/components/CounterButton.tsx": {"path":"/Users/Ragnar/Desktop/Kodning/Enhet-Integration/src/components/CounterButton.tsx","statementMap":{"0":{"start":{"line":4,"column":28},"end":{"line":4,"column":null}},"1":{"start":{"line":6,"column":2},"end":{"line":9,"column":null}},"2":{"start":{"line":7,"column":27},"end":{"line":7,"column":59}},"3":{"start":{"line":7,"column":47},"end":{"line":7,"column":56}}},"fnMap":{"0":{"name":"CounterButton","decl":{"start":{"line":3,"column":9},"end":{"line":3,"column":25}},"loc":{"start":{"line":3,"column":25},"end":{"line":11,"column":null}}},"1":{"name":"(anonymous_1)","decl":{"start":{"line":7,"column":21},"end":{"line":7,"column":27}},"loc":{"start":{"line":7,"column":27},"end":{"line":7,"column":59}}},"2":{"name":"(anonymous_2)","decl":{"start":{"line":7,"column":36},"end":{"line":7,"column":37}},"loc":{"start":{"line":7,"column":47},"end":{"line":7,"column":56}}}},"branchMap":{},"s":{"0":1,"1":1,"2":0,"3":0},"f":{"0":1,"1":0,"2":0},"b":{}}
,"/Users/Ragnar/Desktop/Kodning/Enhet-Integration/src/components/ScoreButton.tsx": {"path":"/Users/Ragnar/Desktop/Kodning/Enhet-Integration/src/components/ScoreButton.tsx","statementMap":{"0":{"start":{"line":8,"column":52},"end":{"line":10,"column":null}},"1":{"start":{"line":9,"column":2},"end":{"line":9,"column":null}}},"fnMap":{"0":{"name":"(anonymous_0)","decl":{"start":{"line":8,"column":52},"end":{"line":8,"column":53}},"loc":{"start":{"line":8,"column":69},"end":{"line":10,"column":null}}}},"branchMap":{},"s":{"0":1,"1":1},"f":{"0":1},"b":{}}
,"/Users/Ragnar/Desktop/Kodning/Enhet-Integration/src/components/ScoreDisplay.tsx": {"path":"/Users/Ragnar/Desktop/Kodning/Enhet-Integration/src/components/ScoreDisplay.tsx","statementMap":{"0":{"start":{"line":7,"column":50},"end":{"line":9,"column":null}},"1":{"start":{"line":8,"column":2},"end":{"line":8,"column":null}}},"fnMap":{"0":{"name":"(anonymous_0)","decl":{"start":{"line":7,"column":50},"end":{"line":7,"column":51}},"loc":{"start":{"line":7,"column":65},"end":{"line":9,"column":null}}}},"branchMap":{},"s":{"0":1,"1":1},"f":{"0":1},"b":{}}
}
